Started GET "/" for ::1 at 2026-04-29 16:48:35 -0400
  [1m[35m (0.2ms)[0m  [1m[35mCREATE TABLE "schema_migrations" ("version" varchar NOT NULL PRIMARY KEY) /*application='Rubytest'*/[0m
  [1m[35m (0.1ms)[0m  [1m[35mCREATE TABLE "ar_internal_metadata" ("key" varchar NOT NULL PRIMARY KEY, "value" varchar, "created_at" datetime(6) NOT NULL, "updated_at" datetime(6) NOT NULL) /*application='Rubytest'*/[0m
  [1m[36mActiveRecord::SchemaMigration Load (0.1ms)[0m  [1m[34mSELECT "schema_migrations"."version" FROM "schema_migrations" ORDER BY "schema_migrations"."version" ASC /*application='Rubytest'*/[0m
Processing by Rails::WelcomeController#index as HTML
  Rendering /Users/histakes/.asdf/installs/ruby/3.4.4/lib/ruby/gems/3.4.0/gems/railties-8.0.5/lib/rails/templates/rails/welcome/index.html.erb
  Rendered /Users/histakes/.asdf/installs/ruby/3.4.4/lib/ruby/gems/3.4.0/gems/railties-8.0.5/lib/rails/templates/rails/welcome/index.html.erb (Duration: 0.9ms | GC: 0.6ms)
Completed 200 OK in 35ms (Views: 5.4ms | ActiveRecord: 0.0ms (0 queries, 0 cached) | GC: 7.8ms)


  [1m[36mActiveRecord::SchemaMigration Load (0.1ms)[0m  [1m[34mSELECT "schema_migrations"."version" FROM "schema_migrations" ORDER BY "schema_migrations"."version" ASC /*application='ZipTempProvider'*/[0m
  [1m[36mActiveRecord::SchemaMigration Load (0.1ms)[0m  [1m[34mSELECT "schema_migrations"."version" FROM "schema_migrations" ORDER BY "schema_migrations"."version" ASC /*application='ZipTempProvider'*/[0m
Started GET "/" for ::1 at 2026-04-29 21:44:26 -0400
  
LoadError (cannot load such file -- /Users/histakes/Desktop/codingprojects/rubytest/config/routes.rb):
  
railties (8.0.5) lib/rails/application/routes_reloader.rb:64:in 'Kernel#load'
railties (8.0.5) lib/rails/application/routes_reloader.rb:64:in 'block in Rails::Application::RoutesReloader#load_paths'
railties (8.0.5) lib/rails/application/routes_reloader.rb:64:in 'Array#each'
railties (8.0.5) lib/rails/application/routes_reloader.rb:64:in 'Rails::Application::RoutesReloader#load_paths'
railties (8.0.5) lib/rails/application/routes_reloader.rb:25:in 'Rails::Application::RoutesReloader#reload!'
railties (8.0.5) lib/rails/application/routes_reloader.rb:52:in 'block in Rails::Application::RoutesReloader#updater'
activesupport (8.0.5) lib/active_support/file_update_checker.rb:85:in 'ActiveSupport::FileUpdateChecker#execute'
railties (8.0.5) lib/rails/application/routes_reloader.rb:34:in 'Rails::Application::RoutesReloader#execute'
railties (8.0.5) lib/rails/application/finisher.rb:175:in 'block (2 levels) in <module:Finisher>'
activesupport (8.0.5) lib/active_support/callbacks.rb:406:in 'BasicObject#instance_exec'
activesupport (8.0.5) lib/active_support/callbacks.rb:406:in 'block in ActiveSupport::Callbacks::CallTemplate::InstanceExec0#make_lambda'
activesupport (8.0.5) lib/active_support/callbacks.rb:178:in 'block in ActiveSupport::Callbacks::Filters::Before#call'
activesupport (8.0.5) lib/active_support/callbacks.rb:668:in 'block (2 levels) in ActiveSupport::Callbacks::CallbackChain#default_terminator'
activesupport (8.0.5) lib/active_support/callbacks.rb:667:in 'Kernel#catch'
activesupport (8.0.5) lib/active_support/callbacks.rb:667:in 'block in ActiveSupport::Callbacks::CallbackChain#default_terminator'
activesupport (8.0.5) lib/active_support/callbacks.rb:179:in 'ActiveSupport::Callbacks::Filters::Before#call'
activesupport (8.0.5) lib/active_support/callbacks.rb:559:in 'block in ActiveSupport::Callbacks::CallbackSequence#invoke_before'
activesupport (8.0.5) lib/active_support/callbacks.rb:559:in 'Array#each'
activesupport (8.0.5) lib/active_support/callbacks.rb:559:in 'ActiveSupport::Callbacks::CallbackSequence#invoke_before'
activesupport (8.0.5) lib/active_support/callbacks.rb:108:in 'ActiveSupport::Callbacks#run_callbacks'
activesupport (8.0.5) lib/active_support/execution_wrapper.rb:128:in 'ActiveSupport::ExecutionWrapper#run'
activesupport (8.0.5) lib/active_support/execution_wrapper.rb:124:in 'ActiveSupport::ExecutionWrapper#run!'
activesupport (8.0.5) lib/active_support/reloader.rb:122:in 'ActiveSupport::Reloader#run!'
activesupport (8.0.5) lib/active_support/execution_wrapper.rb:77:in 'block in ActiveSupport::ExecutionWrapper.run!'
<internal:kernel>:91:in 'Kernel#tap'
activesupport (8.0.5) lib/active_support/execution_wrapper.rb:74:in 'ActiveSupport::ExecutionWrapper.run!'
activesupport (8.0.5) lib/active_support/reloader.rb:64:in 'ActiveSupport::Reloader.run!'
actionpack (8.0.5) lib/action_dispatch/middleware/executor.rb:14:in 'ActionDispatch::Executor#call'
actionpack (8.0.5) lib/action_dispatch/middleware/actionable_exceptions.rb:18:in 'ActionDispatch::ActionableExceptions#call'
actionpack (8.0.5) lib/action_dispatch/middleware/debug_exceptions.rb:31:in 'ActionDispatch::DebugExceptions#call'
web-console (4.3.0) lib/web_console/middleware.rb:132:in 'WebConsole::Middleware#call_app'
web-console (4.3.0) lib/web_console/middleware.rb:28:in 'block in WebConsole::Middleware#call'
web-console (4.3.0) lib/web_console/middleware.rb:17:in 'Kernel#catch'
web-console (4.3.0) lib/web_console/middleware.rb:17:in 'WebConsole::Middleware#call'
actionpack (8.0.5) lib/action_dispatch/middleware/show_exceptions.rb:32:in 'ActionDispatch::ShowExceptions#call'
railties (8.0.5) lib/rails/rack/logger.rb:41:in 'Rails::Rack::Logger#call_app'
railties (8.0.5) lib/rails/rack/logger.rb:29:in 'Rails::Rack::Logger#call'
actionpack (8.0.5) lib/action_dispatch/middleware/remote_ip.rb:96:in 'ActionDispatch::RemoteIp#call'
actionpack (8.0.5) lib/action_dispatch/middleware/request_id.rb:34:in 'ActionDispatch::RequestId#call'
rack (3.2.6) lib/rack/method_override.rb:28:in 'Rack::MethodOverride#call'
rack (3.2.6) lib/rack/runtime.rb:24:in 'Rack::Runtime#call'
actionpack (8.0.5) lib/action_dispatch/middleware/server_timing.rb:61:in 'block in ActionDispatch::ServerTiming#call'
actionpack (8.0.5) lib/action_dispatch/middleware/server_timing.rb:26:in 'ActionDispatch::ServerTiming::Subscriber#collect_events'
actionpack (8.0.5) lib/action_dispatch/middleware/server_timing.rb:60:in 'ActionDispatch::ServerTiming#call'
actionpack (8.0.5) lib/action_dispatch/middleware/executor.rb:16:in 'ActionDispatch::Executor#call'
propshaft (1.3.2) lib/propshaft/server.rb:37:in 'Propshaft::Server#call'
actionpack (8.0.5) lib/action_dispatch/middleware/static.rb:27:in 'ActionDispatch::Static#call'
rack (3.2.6) lib/rack/sendfile.rb:131:in 'Rack::Sendfile#call'
actionpack (8.0.5) lib/action_dispatch/middleware/host_authorization.rb:143:in 'ActionDispatch::HostAuthorization#call'
railties (8.0.5) lib/rails/engine.rb:535:in 'Rails::Engine#call'
puma (8.0.1) lib/puma/configuration.rb:305:in 'Puma::Configuration::ConfigMiddleware#call'
puma (8.0.1) lib/puma/response.rb:79:in 'block in Puma::Response#handle_request'
puma (8.0.1) lib/puma/thread_pool.rb:434:in 'Puma::ThreadPool#with_force_shutdown'
puma (8.0.1) lib/puma/response.rb:78:in 'Puma::Response#handle_request'
puma (8.0.1) lib/puma/server.rb:508:in 'Puma::Server#process_client'
puma (8.0.1) lib/puma/server.rb:263:in 'block in Puma::Server#run'
puma (8.0.1) lib/puma/thread_pool.rb:246:in 'block in Puma::ThreadPool#spawn_thread'
Started GET "/favicon.ico" for ::1 at 2026-04-29 21:44:27 -0400
  
ActionController::RoutingError (No route matches [GET] "/favicon.ico"):
  
Started GET "/" for ::1 at 2026-04-29 21:48:51 -0400
  [1m[36mActiveRecord::SchemaMigration Load (0.0ms)[0m  [1m[34mSELECT "schema_migrations"."version" FROM "schema_migrations" ORDER BY "schema_migrations"."version" ASC /*application='ZipTempProvider'*/[0m
Processing by Rails::WelcomeController#index as HTML
  Rendering /Users/histakes/.asdf/installs/ruby/3.4.4/lib/ruby/gems/3.4.0/gems/railties-8.0.5/lib/rails/templates/rails/welcome/index.html.erb
  Rendered /Users/histakes/.asdf/installs/ruby/3.4.4/lib/ruby/gems/3.4.0/gems/railties-8.0.5/lib/rails/templates/rails/welcome/index.html.erb (Duration: 0.2ms | GC: 0.0ms)
Completed 200 OK in 18ms (Views: 1.1ms | ActiveRecord: 0.0ms (0 queries, 0 cached) | GC: 0.3ms)


Started GET "/index" for ::1 at 2026-04-29 21:48:56 -0400
  
ActionController::RoutingError (No route matches [GET] "/index"):
  
Started GET "/" for ::1 at 2026-04-29 21:59:04 -0400
  
ActionController::RoutingError (uninitialized constant WeatherController)
Caused by: ActionDispatch::MissingController (uninitialized constant WeatherController)
Caused by: NameError (uninitialized constant WeatherController)

Information for: ActionController::RoutingError (uninitialized constant WeatherController):
  

Information for cause: ActionDispatch::MissingController (uninitialized constant WeatherController):
  
actionpack (8.0.5) lib/action_dispatch/http/request.rb:102:in 'ActionDispatch::Request#controller_class_for'
actionpack (8.0.5) lib/action_dispatch/http/request.rb:91:in 'ActionDispatch::Request#controller_class'
actionpack (8.0.5) lib/action_dispatch/routing/route_set.rb:61:in 'ActionDispatch::Routing::RouteSet::Dispatcher#controller'
actionpack (8.0.5) lib/action_dispatch/routing/route_set.rb:48:in 'ActionDispatch::Routing::RouteSet::Dispatcher#serve'
actionpack (8.0.5) lib/action_dispatch/journey/router.rb:53:in 'block in ActionDispatch::Journey::Router#serve'
actionpack (8.0.5) lib/action_dispatch/journey/router.rb:133:in 'block in ActionDispatch::Journey::Router#find_routes'
actionpack (8.0.5) lib/action_dispatch/journey/router.rb:126:in 'Array#each'
actionpack (8.0.5) lib/action_dispatch/journey/router.rb:126:in 'ActionDispatch::Journey::Router#find_routes'
actionpack (8.0.5) lib/action_dispatch/journey/router.rb:34:in 'ActionDispatch::Journey::Router#serve'
actionpack (8.0.5) lib/action_dispatch/routing/route_set.rb:908:in 'ActionDispatch::Routing::RouteSet#call'
railties (8.0.5) lib/rails/engine/lazy_route_set.rb:60:in 'Rails::Engine::LazyRouteSet#call'
rack (3.2.6) lib/rack/tempfile_reaper.rb:20:in 'Rack::TempfileReaper#call'
rack (3.2.6) lib/rack/etag.rb:29:in 'Rack::ETag#call'
rack (3.2.6) lib/rack/conditional_get.rb:31:in 'Rack::ConditionalGet#call'
rack (3.2.6) lib/rack/head.rb:15:in 'Rack::Head#call'
actionpack (8.0.5) lib/action_dispatch/http/permissions_policy.rb:38:in 'ActionDispatch::PermissionsPolicy::Middleware#call'
actionpack (8.0.5) lib/action_dispatch/http/content_security_policy.rb:38:in 'ActionDispatch::ContentSecurityPolicy::Middleware#call'
rack-session (2.1.2) lib/rack/session/abstract/id.rb:274:in 'Rack::Session::Abstract::Persisted#context'
rack-session (2.1.2) lib/rack/session/abstract/id.rb:268:in 'Rack::Session::Abstract::Persisted#call'
actionpack (8.0.5) lib/action_dispatch/middleware/cookies.rb:706:in 'ActionDispatch::Cookies#call'
activerecord (8.0.5) lib/active_record/migration.rb:670:in 'ActiveRecord::Migration::CheckPending#call'
actionpack (8.0.5) lib/action_dispatch/middleware/callbacks.rb:31:in 'block in ActionDispatch::Callbacks#call'
activesupport (8.0.5) lib/active_support/callbacks.rb:100:in 'ActiveSupport::Callbacks#run_callbacks'
actionpack (8.0.5) lib/action_dispatch/middleware/callbacks.rb:30:in 'ActionDispatch::Callbacks#call'
actionpack (8.0.5) lib/action_dispatch/middleware/executor.rb:16:in 'ActionDispatch::Executor#call'
actionpack (8.0.5) lib/action_dispatch/middleware/actionable_exceptions.rb:18:in 'ActionDispatch::ActionableExceptions#call'
actionpack (8.0.5) lib/action_dispatch/middleware/debug_exceptions.rb:31:in 'ActionDispatch::DebugExceptions#call'
web-console (4.3.0) lib/web_console/middleware.rb:132:in 'WebConsole::Middleware#call_app'
web-console (4.3.0) lib/web_console/middleware.rb:28:in 'block in WebConsole::Middleware#call'
web-console (4.3.0) lib/web_console/middleware.rb:17:in 'Kernel#catch'
web-console (4.3.0) lib/web_console/middleware.rb:17:in 'WebConsole::Middleware#call'
actionpack (8.0.5) lib/action_dispatch/middleware/show_exceptions.rb:32:in 'ActionDispatch::ShowExceptions#call'
railties (8.0.5) lib/rails/rack/logger.rb:41:in 'Rails::Rack::Logger#call_app'
railties (8.0.5) lib/rails/rack/logger.rb:29:in 'Rails::Rack::Logger#call'
actionpack (8.0.5) lib/action_dispatch/middleware/remote_ip.rb:96:in 'ActionDispatch::RemoteIp#call'
actionpack (8.0.5) lib/action_dispatch/middleware/request_id.rb:34:in 'ActionDispatch::RequestId#call'
rack (3.2.6) lib/rack/method_override.rb:28:in 'Rack::MethodOverride#call'
rack (3.2.6) lib/rack/runtime.rb:24:in 'Rack::Runtime#call'
actionpack (8.0.5) lib/action_dispatch/middleware/server_timing.rb:61:in 'block in ActionDispatch::ServerTiming#call'
actionpack (8.0.5) lib/action_dispatch/middleware/server_timing.rb:26:in 'ActionDispatch::ServerTiming::Subscriber#collect_events'
actionpack (8.0.5) lib/action_dispatch/middleware/server_timing.rb:60:in 'ActionDispatch::ServerTiming#call'
actionpack (8.0.5) lib/action_dispatch/middleware/executor.rb:16:in 'ActionDispatch::Executor#call'
propshaft (1.3.2) lib/propshaft/server.rb:37:in 'Propshaft::Server#call'
actionpack (8.0.5) lib/action_dispatch/middleware/static.rb:27:in 'ActionDispatch::Static#call'
rack (3.2.6) lib/rack/sendfile.rb:131:in 'Rack::Sendfile#call'
actionpack (8.0.5) lib/action_dispatch/middleware/host_authorization.rb:143:in 'ActionDispatch::HostAuthorization#call'
railties (8.0.5) lib/rails/engine.rb:535:in 'Rails::Engine#call'
puma (8.0.1) lib/puma/configuration.rb:305:in 'Puma::Configuration::ConfigMiddleware#call'
puma (8.0.1) lib/puma/response.rb:79:in 'block in Puma::Response#handle_request'
puma (8.0.1) lib/puma/thread_pool.rb:434:in 'Puma::ThreadPool#with_force_shutdown'
puma (8.0.1) lib/puma/response.rb:78:in 'Puma::Response#handle_request'
puma (8.0.1) lib/puma/server.rb:508:in 'Puma::Server#process_client'
puma (8.0.1) lib/puma/server.rb:263:in 'block in Puma::Server#run'
puma (8.0.1) lib/puma/thread_pool.rb:246:in 'block in Puma::ThreadPool#spawn_thread'

Information for cause: NameError (uninitialized constant WeatherController):
  
activesupport (8.0.5) lib/active_support/inflector/methods.rb:290:in 'ActiveSupport::Inflector#constantize'
activesupport (8.0.5) lib/active_support/core_ext/string/inflections.rb:74:in 'String#constantize'
actionpack (8.0.5) lib/action_dispatch/http/request.rb:99:in 'ActionDispatch::Request#controller_class_for'
actionpack (8.0.5) lib/action_dispatch/http/request.rb:91:in 'ActionDispatch::Request#controller_class'
actionpack (8.0.5) lib/action_dispatch/routing/route_set.rb:61:in 'ActionDispatch::Routing::RouteSet::Dispatcher#controller'
actionpack (8.0.5) lib/action_dispatch/routing/route_set.rb:48:in 'ActionDispatch::Routing::RouteSet::Dispatcher#serve'
actionpack (8.0.5) lib/action_dispatch/journey/router.rb:53:in 'block in ActionDispatch::Journey::Router#serve'
actionpack (8.0.5) lib/action_dispatch/journey/router.rb:133:in 'block in ActionDispatch::Journey::Router#find_routes'
actionpack (8.0.5) lib/action_dispatch/journey/router.rb:126:in 'Array#each'
actionpack (8.0.5) lib/action_dispatch/journey/router.rb:126:in 'ActionDispatch::Journey::Router#find_routes'
actionpack (8.0.5) lib/action_dispatch/journey/router.rb:34:in 'ActionDispatch::Journey::Router#serve'
actionpack (8.0.5) lib/action_dispatch/routing/route_set.rb:908:in 'ActionDispatch::Routing::RouteSet#call'
railties (8.0.5) lib/rails/engine/lazy_route_set.rb:60:in 'Rails::Engine::LazyRouteSet#call'
rack (3.2.6) lib/rack/tempfile_reaper.rb:20:in 'Rack::TempfileReaper#call'
rack (3.2.6) lib/rack/etag.rb:29:in 'Rack::ETag#call'
rack (3.2.6) lib/rack/conditional_get.rb:31:in 'Rack::ConditionalGet#call'
rack (3.2.6) lib/rack/head.rb:15:in 'Rack::Head#call'
actionpack (8.0.5) lib/action_dispatch/http/permissions_policy.rb:38:in 'ActionDispatch::PermissionsPolicy::Middleware#call'
actionpack (8.0.5) lib/action_dispatch/http/content_security_policy.rb:38:in 'ActionDispatch::ContentSecurityPolicy::Middleware#call'
rack-session (2.1.2) lib/rack/session/abstract/id.rb:274:in 'Rack::Session::Abstract::Persisted#context'
rack-session (2.1.2) lib/rack/session/abstract/id.rb:268:in 'Rack::Session::Abstract::Persisted#call'
actionpack (8.0.5) lib/action_dispatch/middleware/cookies.rb:706:in 'ActionDispatch::Cookies#call'
activerecord (8.0.5) lib/active_record/migration.rb:670:in 'ActiveRecord::Migration::CheckPending#call'
actionpack (8.0.5) lib/action_dispatch/middleware/callbacks.rb:31:in 'block in ActionDispatch::Callbacks#call'
activesupport (8.0.5) lib/active_support/callbacks.rb:100:in 'ActiveSupport::Callbacks#run_callbacks'
actionpack (8.0.5) lib/action_dispatch/middleware/callbacks.rb:30:in 'ActionDispatch::Callbacks#call'
actionpack (8.0.5) lib/action_dispatch/middleware/executor.rb:16:in 'ActionDispatch::Executor#call'
actionpack (8.0.5) lib/action_dispatch/middleware/actionable_exceptions.rb:18:in 'ActionDispatch::ActionableExceptions#call'
actionpack (8.0.5) lib/action_dispatch/middleware/debug_exceptions.rb:31:in 'ActionDispatch::DebugExceptions#call'
web-console (4.3.0) lib/web_console/middleware.rb:132:in 'WebConsole::Middleware#call_app'
web-console (4.3.0) lib/web_console/middleware.rb:28:in 'block in WebConsole::Middleware#call'
web-console (4.3.0) lib/web_console/middleware.rb:17:in 'Kernel#catch'
web-console (4.3.0) lib/web_console/middleware.rb:17:in 'WebConsole::Middleware#call'
actionpack (8.0.5) lib/action_dispatch/middleware/show_exceptions.rb:32:in 'ActionDispatch::ShowExceptions#call'
railties (8.0.5) lib/rails/rack/logger.rb:41:in 'Rails::Rack::Logger#call_app'
railties (8.0.5) lib/rails/rack/logger.rb:29:in 'Rails::Rack::Logger#call'
actionpack (8.0.5) lib/action_dispatch/middleware/remote_ip.rb:96:in 'ActionDispatch::RemoteIp#call'
actionpack (8.0.5) lib/action_dispatch/middleware/request_id.rb:34:in 'ActionDispatch::RequestId#call'
rack (3.2.6) lib/rack/method_override.rb:28:in 'Rack::MethodOverride#call'
rack (3.2.6) lib/rack/runtime.rb:24:in 'Rack::Runtime#call'
actionpack (8.0.5) lib/action_dispatch/middleware/server_timing.rb:61:in 'block in ActionDispatch::ServerTiming#call'
actionpack (8.0.5) lib/action_dispatch/middleware/server_timing.rb:26:in 'ActionDispatch::ServerTiming::Subscriber#collect_events'
actionpack (8.0.5) lib/action_dispatch/middleware/server_timing.rb:60:in 'ActionDispatch::ServerTiming#call'
actionpack (8.0.5) lib/action_dispatch/middleware/executor.rb:16:in 'ActionDispatch::Executor#call'
propshaft (1.3.2) lib/propshaft/server.rb:37:in 'Propshaft::Server#call'
actionpack (8.0.5) lib/action_dispatch/middleware/static.rb:27:in 'ActionDispatch::Static#call'
rack (3.2.6) lib/rack/sendfile.rb:131:in 'Rack::Sendfile#call'
actionpack (8.0.5) lib/action_dispatch/middleware/host_authorization.rb:143:in 'ActionDispatch::HostAuthorization#call'
railties (8.0.5) lib/rails/engine.rb:535:in 'Rails::Engine#call'
puma (8.0.1) lib/puma/configuration.rb:305:in 'Puma::Configuration::ConfigMiddleware#call'
puma (8.0.1) lib/puma/response.rb:79:in 'block in Puma::Response#handle_request'
puma (8.0.1) lib/puma/thread_pool.rb:434:in 'Puma::ThreadPool#with_force_shutdown'
puma (8.0.1) lib/puma/response.rb:78:in 'Puma::Response#handle_request'
puma (8.0.1) lib/puma/server.rb:508:in 'Puma::Server#process_client'
puma (8.0.1) lib/puma/server.rb:263:in 'block in Puma::Server#run'
puma (8.0.1) lib/puma/thread_pool.rb:246:in 'block in Puma::ThreadPool#spawn_thread'
Started GET "/" for ::1 at 2026-04-29 21:59:19 -0400
  [1m[36mActiveRecord::SchemaMigration Load (0.0ms)[0m  [1m[34mSELECT "schema_migrations"."version" FROM "schema_migrations" ORDER BY "schema_migrations"."version" ASC /*application='ZipTempProvider'*/[0m
  
ActionController::RoutingError (uninitialized constant WeatherController)
Caused by: ActionDispatch::MissingController (uninitialized constant WeatherController)
Caused by: NameError (uninitialized constant WeatherController)

Information for: ActionController::RoutingError (uninitialized constant WeatherController):
  

Information for cause: ActionDispatch::MissingController (uninitialized constant WeatherController):
  
actionpack (8.0.5) lib/action_dispatch/http/request.rb:102:in 'ActionDispatch::Request#controller_class_for'
actionpack (8.0.5) lib/action_dispatch/http/request.rb:91:in 'ActionDispatch::Request#controller_class'
actionpack (8.0.5) lib/action_dispatch/routing/route_set.rb:61:in 'ActionDispatch::Routing::RouteSet::Dispatcher#controller'
actionpack (8.0.5) lib/action_dispatch/routing/route_set.rb:48:in 'ActionDispatch::Routing::RouteSet::Dispatcher#serve'
actionpack (8.0.5) lib/action_dispatch/journey/router.rb:53:in 'block in ActionDispatch::Journey::Router#serve'
actionpack (8.0.5) lib/action_dispatch/journey/router.rb:133:in 'block in ActionDispatch::Journey::Router#find_routes'
actionpack (8.0.5) lib/action_dispatch/journey/router.rb:126:in 'Array#each'
actionpack (8.0.5) lib/action_dispatch/journey/router.rb:126:in 'ActionDispatch::Journey::Router#find_routes'
actionpack (8.0.5) lib/action_dispatch/journey/router.rb:34:in 'ActionDispatch::Journey::Router#serve'
actionpack (8.0.5) lib/action_dispatch/routing/route_set.rb:908:in 'ActionDispatch::Routing::RouteSet#call'
railties (8.0.5) lib/rails/engine/lazy_route_set.rb:60:in 'Rails::Engine::LazyRouteSet#call'
rack (3.2.6) lib/rack/tempfile_reaper.rb:20:in 'Rack::TempfileReaper#call'
rack (3.2.6) lib/rack/etag.rb:29:in 'Rack::ETag#call'
rack (3.2.6) lib/rack/conditional_get.rb:31:in 'Rack::ConditionalGet#call'
rack (3.2.6) lib/rack/head.rb:15:in 'Rack::Head#call'
actionpack (8.0.5) lib/action_dispatch/http/permissions_policy.rb:38:in 'ActionDispatch::PermissionsPolicy::Middleware#call'
actionpack (8.0.5) lib/action_dispatch/http/content_security_policy.rb:38:in 'ActionDispatch::ContentSecurityPolicy::Middleware#call'
rack-session (2.1.2) lib/rack/session/abstract/id.rb:274:in 'Rack::Session::Abstract::Persisted#context'
rack-session (2.1.2) lib/rack/session/abstract/id.rb:268:in 'Rack::Session::Abstract::Persisted#call'
actionpack (8.0.5) lib/action_dispatch/middleware/cookies.rb:706:in 'ActionDispatch::Cookies#call'
activerecord (8.0.5) lib/active_record/migration.rb:670:in 'ActiveRecord::Migration::CheckPending#call'
actionpack (8.0.5) lib/action_dispatch/middleware/callbacks.rb:31:in 'block in ActionDispatch::Callbacks#call'
activesupport (8.0.5) lib/active_support/callbacks.rb:100:in 'ActiveSupport::Callbacks#run_callbacks'
actionpack (8.0.5) lib/action_dispatch/middleware/callbacks.rb:30:in 'ActionDispatch::Callbacks#call'
actionpack (8.0.5) lib/action_dispatch/middleware/executor.rb:16:in 'ActionDispatch::Executor#call'
actionpack (8.0.5) lib/action_dispatch/middleware/actionable_exceptions.rb:18:in 'ActionDispatch::ActionableExceptions#call'
actionpack (8.0.5) lib/action_dispatch/middleware/debug_exceptions.rb:31:in 'ActionDispatch::DebugExceptions#call'
web-console (4.3.0) lib/web_console/middleware.rb:132:in 'WebConsole::Middleware#call_app'
web-console (4.3.0) lib/web_console/middleware.rb:28:in 'block in WebConsole::Middleware#call'
web-console (4.3.0) lib/web_console/middleware.rb:17:in 'Kernel#catch'
web-console (4.3.0) lib/web_console/middleware.rb:17:in 'WebConsole::Middleware#call'
actionpack (8.0.5) lib/action_dispatch/middleware/show_exceptions.rb:32:in 'ActionDispatch::ShowExceptions#call'
railties (8.0.5) lib/rails/rack/logger.rb:41:in 'Rails::Rack::Logger#call_app'
railties (8.0.5) lib/rails/rack/logger.rb:29:in 'Rails::Rack::Logger#call'
actionpack (8.0.5) lib/action_dispatch/middleware/remote_ip.rb:96:in 'ActionDispatch::RemoteIp#call'
actionpack (8.0.5) lib/action_dispatch/middleware/request_id.rb:34:in 'ActionDispatch::RequestId#call'
rack (3.2.6) lib/rack/method_override.rb:28:in 'Rack::MethodOverride#call'
rack (3.2.6) lib/rack/runtime.rb:24:in 'Rack::Runtime#call'
actionpack (8.0.5) lib/action_dispatch/middleware/server_timing.rb:61:in 'block in ActionDispatch::ServerTiming#call'
actionpack (8.0.5) lib/action_dispatch/middleware/server_timing.rb:26:in 'ActionDispatch::ServerTiming::Subscriber#collect_events'
actionpack (8.0.5) lib/action_dispatch/middleware/server_timing.rb:60:in 'ActionDispatch::ServerTiming#call'
actionpack (8.0.5) lib/action_dispatch/middleware/executor.rb:16:in 'ActionDispatch::Executor#call'
propshaft (1.3.2) lib/propshaft/server.rb:37:in 'Propshaft::Server#call'
actionpack (8.0.5) lib/action_dispatch/middleware/static.rb:27:in 'ActionDispatch::Static#call'
rack (3.2.6) lib/rack/sendfile.rb:131:in 'Rack::Sendfile#call'
actionpack (8.0.5) lib/action_dispatch/middleware/host_authorization.rb:143:in 'ActionDispatch::HostAuthorization#call'
railties (8.0.5) lib/rails/engine.rb:535:in 'Rails::Engine#call'
puma (8.0.1) lib/puma/configuration.rb:305:in 'Puma::Configuration::ConfigMiddleware#call'
puma (8.0.1) lib/puma/response.rb:79:in 'block in Puma::Response#handle_request'
puma (8.0.1) lib/puma/thread_pool.rb:434:in 'Puma::ThreadPool#with_force_shutdown'
puma (8.0.1) lib/puma/response.rb:78:in 'Puma::Response#handle_request'
puma (8.0.1) lib/puma/server.rb:508:in 'Puma::Server#process_client'
puma (8.0.1) lib/puma/server.rb:263:in 'block in Puma::Server#run'
puma (8.0.1) lib/puma/thread_pool.rb:246:in 'block in Puma::ThreadPool#spawn_thread'

Information for cause: NameError (uninitialized constant WeatherController):
  
activesupport (8.0.5) lib/active_support/inflector/methods.rb:290:in 'ActiveSupport::Inflector#constantize'
activesupport (8.0.5) lib/active_support/core_ext/string/inflections.rb:74:in 'String#constantize'
actionpack (8.0.5) lib/action_dispatch/http/request.rb:99:in 'ActionDispatch::Request#controller_class_for'
actionpack (8.0.5) lib/action_dispatch/http/request.rb:91:in 'ActionDispatch::Request#controller_class'
actionpack (8.0.5) lib/action_dispatch/routing/route_set.rb:61:in 'ActionDispatch::Routing::RouteSet::Dispatcher#controller'
actionpack (8.0.5) lib/action_dispatch/routing/route_set.rb:48:in 'ActionDispatch::Routing::RouteSet::Dispatcher#serve'
actionpack (8.0.5) lib/action_dispatch/journey/router.rb:53:in 'block in ActionDispatch::Journey::Router#serve'
actionpack (8.0.5) lib/action_dispatch/journey/router.rb:133:in 'block in ActionDispatch::Journey::Router#find_routes'
actionpack (8.0.5) lib/action_dispatch/journey/router.rb:126:in 'Array#each'
actionpack (8.0.5) lib/action_dispatch/journey/router.rb:126:in 'ActionDispatch::Journey::Router#find_routes'
actionpack (8.0.5) lib/action_dispatch/journey/router.rb:34:in 'ActionDispatch::Journey::Router#serve'
actionpack (8.0.5) lib/action_dispatch/routing/route_set.rb:908:in 'ActionDispatch::Routing::RouteSet#call'
railties (8.0.5) lib/rails/engine/lazy_route_set.rb:60:in 'Rails::Engine::LazyRouteSet#call'
rack (3.2.6) lib/rack/tempfile_reaper.rb:20:in 'Rack::TempfileReaper#call'
rack (3.2.6) lib/rack/etag.rb:29:in 'Rack::ETag#call'
rack (3.2.6) lib/rack/conditional_get.rb:31:in 'Rack::ConditionalGet#call'
rack (3.2.6) lib/rack/head.rb:15:in 'Rack::Head#call'
actionpack (8.0.5) lib/action_dispatch/http/permissions_policy.rb:38:in 'ActionDispatch::PermissionsPolicy::Middleware#call'
actionpack (8.0.5) lib/action_dispatch/http/content_security_policy.rb:38:in 'ActionDispatch::ContentSecurityPolicy::Middleware#call'
rack-session (2.1.2) lib/rack/session/abstract/id.rb:274:in 'Rack::Session::Abstract::Persisted#context'
rack-session (2.1.2) lib/rack/session/abstract/id.rb:268:in 'Rack::Session::Abstract::Persisted#call'
actionpack (8.0.5) lib/action_dispatch/middleware/cookies.rb:706:in 'ActionDispatch::Cookies#call'
activerecord (8.0.5) lib/active_record/migration.rb:670:in 'ActiveRecord::Migration::CheckPending#call'
actionpack (8.0.5) lib/action_dispatch/middleware/callbacks.rb:31:in 'block in ActionDispatch::Callbacks#call'
activesupport (8.0.5) lib/active_support/callbacks.rb:100:in 'ActiveSupport::Callbacks#run_callbacks'
actionpack (8.0.5) lib/action_dispatch/middleware/callbacks.rb:30:in 'ActionDispatch::Callbacks#call'
actionpack (8.0.5) lib/action_dispatch/middleware/executor.rb:16:in 'ActionDispatch::Executor#call'
actionpack (8.0.5) lib/action_dispatch/middleware/actionable_exceptions.rb:18:in 'ActionDispatch::ActionableExceptions#call'
actionpack (8.0.5) lib/action_dispatch/middleware/debug_exceptions.rb:31:in 'ActionDispatch::DebugExceptions#call'
web-console (4.3.0) lib/web_console/middleware.rb:132:in 'WebConsole::Middleware#call_app'
web-console (4.3.0) lib/web_console/middleware.rb:28:in 'block in WebConsole::Middleware#call'
web-console (4.3.0) lib/web_console/middleware.rb:17:in 'Kernel#catch'
web-console (4.3.0) lib/web_console/middleware.rb:17:in 'WebConsole::Middleware#call'
actionpack (8.0.5) lib/action_dispatch/middleware/show_exceptions.rb:32:in 'ActionDispatch::ShowExceptions#call'
railties (8.0.5) lib/rails/rack/logger.rb:41:in 'Rails::Rack::Logger#call_app'
railties (8.0.5) lib/rails/rack/logger.rb:29:in 'Rails::Rack::Logger#call'
actionpack (8.0.5) lib/action_dispatch/middleware/remote_ip.rb:96:in 'ActionDispatch::RemoteIp#call'
actionpack (8.0.5) lib/action_dispatch/middleware/request_id.rb:34:in 'ActionDispatch::RequestId#call'
rack (3.2.6) lib/rack/method_override.rb:28:in 'Rack::MethodOverride#call'
rack (3.2.6) lib/rack/runtime.rb:24:in 'Rack::Runtime#call'
actionpack (8.0.5) lib/action_dispatch/middleware/server_timing.rb:61:in 'block in ActionDispatch::ServerTiming#call'
actionpack (8.0.5) lib/action_dispatch/middleware/server_timing.rb:26:in 'ActionDispatch::ServerTiming::Subscriber#collect_events'
actionpack (8.0.5) lib/action_dispatch/middleware/server_timing.rb:60:in 'ActionDispatch::ServerTiming#call'
actionpack (8.0.5) lib/action_dispatch/middleware/executor.rb:16:in 'ActionDispatch::Executor#call'
propshaft (1.3.2) lib/propshaft/server.rb:37:in 'Propshaft::Server#call'
actionpack (8.0.5) lib/action_dispatch/middleware/static.rb:27:in 'ActionDispatch::Static#call'
rack (3.2.6) lib/rack/sendfile.rb:131:in 'Rack::Sendfile#call'
actionpack (8.0.5) lib/action_dispatch/middleware/host_authorization.rb:143:in 'ActionDispatch::HostAuthorization#call'
railties (8.0.5) lib/rails/engine.rb:535:in 'Rails::Engine#call'
puma (8.0.1) lib/puma/configuration.rb:305:in 'Puma::Configuration::ConfigMiddleware#call'
puma (8.0.1) lib/puma/response.rb:79:in 'block in Puma::Response#handle_request'
puma (8.0.1) lib/puma/thread_pool.rb:434:in 'Puma::ThreadPool#with_force_shutdown'
puma (8.0.1) lib/puma/response.rb:78:in 'Puma::Response#handle_request'
puma (8.0.1) lib/puma/server.rb:508:in 'Puma::Server#process_client'
puma (8.0.1) lib/puma/server.rb:263:in 'block in Puma::Server#run'
puma (8.0.1) lib/puma/thread_pool.rb:246:in 'block in Puma::ThreadPool#spawn_thread'
Started GET "/" for ::1 at 2026-04-29 21:59:22 -0400
  
ActionController::RoutingError (uninitialized constant WeatherController)
Caused by: ActionDispatch::MissingController (uninitialized constant WeatherController)
Caused by: NameError (uninitialized constant WeatherController)

Information for: ActionController::RoutingError (uninitialized constant WeatherController):
  

Information for cause: ActionDispatch::MissingController (uninitialized constant WeatherController):
  
actionpack (8.0.5) lib/action_dispatch/http/request.rb:102:in 'ActionDispatch::Request#controller_class_for'
actionpack (8.0.5) lib/action_dispatch/http/request.rb:91:in 'ActionDispatch::Request#controller_class'
actionpack (8.0.5) lib/action_dispatch/routing/route_set.rb:61:in 'ActionDispatch::Routing::RouteSet::Dispatcher#controller'
actionpack (8.0.5) lib/action_dispatch/routing/route_set.rb:48:in 'ActionDispatch::Routing::RouteSet::Dispatcher#serve'
actionpack (8.0.5) lib/action_dispatch/journey/router.rb:53:in 'block in ActionDispatch::Journey::Router#serve'
actionpack (8.0.5) lib/action_dispatch/journey/router.rb:133:in 'block in ActionDispatch::Journey::Router#find_routes'
actionpack (8.0.5) lib/action_dispatch/journey/router.rb:126:in 'Array#each'
actionpack (8.0.5) lib/action_dispatch/journey/router.rb:126:in 'ActionDispatch::Journey::Router#find_routes'
actionpack (8.0.5) lib/action_dispatch/journey/router.rb:34:in 'ActionDispatch::Journey::Router#serve'
actionpack (8.0.5) lib/action_dispatch/routing/route_set.rb:908:in 'ActionDispatch::Routing::RouteSet#call'
railties (8.0.5) lib/rails/engine/lazy_route_set.rb:60:in 'Rails::Engine::LazyRouteSet#call'
rack (3.2.6) lib/rack/tempfile_reaper.rb:20:in 'Rack::TempfileReaper#call'
rack (3.2.6) lib/rack/etag.rb:29:in 'Rack::ETag#call'
rack (3.2.6) lib/rack/conditional_get.rb:31:in 'Rack::ConditionalGet#call'
rack (3.2.6) lib/rack/head.rb:15:in 'Rack::Head#call'
actionpack (8.0.5) lib/action_dispatch/http/permissions_policy.rb:38:in 'ActionDispatch::PermissionsPolicy::Middleware#call'
actionpack (8.0.5) lib/action_dispatch/http/content_security_policy.rb:38:in 'ActionDispatch::ContentSecurityPolicy::Middleware#call'
rack-session (2.1.2) lib/rack/session/abstract/id.rb:274:in 'Rack::Session::Abstract::Persisted#context'
rack-session (2.1.2) lib/rack/session/abstract/id.rb:268:in 'Rack::Session::Abstract::Persisted#call'
actionpack (8.0.5) lib/action_dispatch/middleware/cookies.rb:706:in 'ActionDispatch::Cookies#call'
activerecord (8.0.5) lib/active_record/migration.rb:670:in 'ActiveRecord::Migration::CheckPending#call'
actionpack (8.0.5) lib/action_dispatch/middleware/callbacks.rb:31:in 'block in ActionDispatch::Callbacks#call'
activesupport (8.0.5) lib/active_support/callbacks.rb:100:in 'ActiveSupport::Callbacks#run_callbacks'
actionpack (8.0.5) lib/action_dispatch/middleware/callbacks.rb:30:in 'ActionDispatch::Callbacks#call'
actionpack (8.0.5) lib/action_dispatch/middleware/executor.rb:16:in 'ActionDispatch::Executor#call'
actionpack (8.0.5) lib/action_dispatch/middleware/actionable_exceptions.rb:18:in 'ActionDispatch::ActionableExceptions#call'
actionpack (8.0.5) lib/action_dispatch/middleware/debug_exceptions.rb:31:in 'ActionDispatch::DebugExceptions#call'
web-console (4.3.0) lib/web_console/middleware.rb:132:in 'WebConsole::Middleware#call_app'
web-console (4.3.0) lib/web_console/middleware.rb:28:in 'block in WebConsole::Middleware#call'
web-console (4.3.0) lib/web_console/middleware.rb:17:in 'Kernel#catch'
web-console (4.3.0) lib/web_console/middleware.rb:17:in 'WebConsole::Middleware#call'
actionpack (8.0.5) lib/action_dispatch/middleware/show_exceptions.rb:32:in 'ActionDispatch::ShowExceptions#call'
railties (8.0.5) lib/rails/rack/logger.rb:41:in 'Rails::Rack::Logger#call_app'
railties (8.0.5) lib/rails/rack/logger.rb:29:in 'Rails::Rack::Logger#call'
actionpack (8.0.5) lib/action_dispatch/middleware/remote_ip.rb:96:in 'ActionDispatch::RemoteIp#call'
actionpack (8.0.5) lib/action_dispatch/middleware/request_id.rb:34:in 'ActionDispatch::RequestId#call'
rack (3.2.6) lib/rack/method_override.rb:28:in 'Rack::MethodOverride#call'
rack (3.2.6) lib/rack/runtime.rb:24:in 'Rack::Runtime#call'
actionpack (8.0.5) lib/action_dispatch/middleware/server_timing.rb:61:in 'block in ActionDispatch::ServerTiming#call'
actionpack (8.0.5) lib/action_dispatch/middleware/server_timing.rb:26:in 'ActionDispatch::ServerTiming::Subscriber#collect_events'
actionpack (8.0.5) lib/action_dispatch/middleware/server_timing.rb:60:in 'ActionDispatch::ServerTiming#call'
actionpack (8.0.5) lib/action_dispatch/middleware/executor.rb:16:in 'ActionDispatch::Executor#call'
propshaft (1.3.2) lib/propshaft/server.rb:37:in 'Propshaft::Server#call'
actionpack (8.0.5) lib/action_dispatch/middleware/static.rb:27:in 'ActionDispatch::Static#call'
rack (3.2.6) lib/rack/sendfile.rb:131:in 'Rack::Sendfile#call'
actionpack (8.0.5) lib/action_dispatch/middleware/host_authorization.rb:143:in 'ActionDispatch::HostAuthorization#call'
railties (8.0.5) lib/rails/engine.rb:535:in 'Rails::Engine#call'
puma (8.0.1) lib/puma/configuration.rb:305:in 'Puma::Configuration::ConfigMiddleware#call'
puma (8.0.1) lib/puma/response.rb:79:in 'block in Puma::Response#handle_request'
puma (8.0.1) lib/puma/thread_pool.rb:434:in 'Puma::ThreadPool#with_force_shutdown'
puma (8.0.1) lib/puma/response.rb:78:in 'Puma::Response#handle_request'
puma (8.0.1) lib/puma/server.rb:508:in 'Puma::Server#process_client'
puma (8.0.1) lib/puma/server.rb:263:in 'block in Puma::Server#run'
puma (8.0.1) lib/puma/thread_pool.rb:246:in 'block in Puma::ThreadPool#spawn_thread'

Information for cause: NameError (uninitialized constant WeatherController):
  
activesupport (8.0.5) lib/active_support/inflector/methods.rb:290:in 'ActiveSupport::Inflector#constantize'
activesupport (8.0.5) lib/active_support/core_ext/string/inflections.rb:74:in 'String#constantize'
actionpack (8.0.5) lib/action_dispatch/http/request.rb:99:in 'ActionDispatch::Request#controller_class_for'
actionpack (8.0.5) lib/action_dispatch/http/request.rb:91:in 'ActionDispatch::Request#controller_class'
actionpack (8.0.5) lib/action_dispatch/routing/route_set.rb:61:in 'ActionDispatch::Routing::RouteSet::Dispatcher#controller'
actionpack (8.0.5) lib/action_dispatch/routing/route_set.rb:48:in 'ActionDispatch::Routing::RouteSet::Dispatcher#serve'
actionpack (8.0.5) lib/action_dispatch/journey/router.rb:53:in 'block in ActionDispatch::Journey::Router#serve'
actionpack (8.0.5) lib/action_dispatch/journey/router.rb:133:in 'block in ActionDispatch::Journey::Router#find_routes'
actionpack (8.0.5) lib/action_dispatch/journey/router.rb:126:in 'Array#each'
actionpack (8.0.5) lib/action_dispatch/journey/router.rb:126:in 'ActionDispatch::Journey::Router#find_routes'
actionpack (8.0.5) lib/action_dispatch/journey/router.rb:34:in 'ActionDispatch::Journey::Router#serve'
actionpack (8.0.5) lib/action_dispatch/routing/route_set.rb:908:in 'ActionDispatch::Routing::RouteSet#call'
railties (8.0.5) lib/rails/engine/lazy_route_set.rb:60:in 'Rails::Engine::LazyRouteSet#call'
rack (3.2.6) lib/rack/tempfile_reaper.rb:20:in 'Rack::TempfileReaper#call'
rack (3.2.6) lib/rack/etag.rb:29:in 'Rack::ETag#call'
rack (3.2.6) lib/rack/conditional_get.rb:31:in 'Rack::ConditionalGet#call'
rack (3.2.6) lib/rack/head.rb:15:in 'Rack::Head#call'
actionpack (8.0.5) lib/action_dispatch/http/permissions_policy.rb:38:in 'ActionDispatch::PermissionsPolicy::Middleware#call'
actionpack (8.0.5) lib/action_dispatch/http/content_security_policy.rb:38:in 'ActionDispatch::ContentSecurityPolicy::Middleware#call'
rack-session (2.1.2) lib/rack/session/abstract/id.rb:274:in 'Rack::Session::Abstract::Persisted#context'
rack-session (2.1.2) lib/rack/session/abstract/id.rb:268:in 'Rack::Session::Abstract::Persisted#call'
actionpack (8.0.5) lib/action_dispatch/middleware/cookies.rb:706:in 'ActionDispatch::Cookies#call'
activerecord (8.0.5) lib/active_record/migration.rb:670:in 'ActiveRecord::Migration::CheckPending#call'
actionpack (8.0.5) lib/action_dispatch/middleware/callbacks.rb:31:in 'block in ActionDispatch::Callbacks#call'
activesupport (8.0.5) lib/active_support/callbacks.rb:100:in 'ActiveSupport::Callbacks#run_callbacks'
actionpack (8.0.5) lib/action_dispatch/middleware/callbacks.rb:30:in 'ActionDispatch::Callbacks#call'
actionpack (8.0.5) lib/action_dispatch/middleware/executor.rb:16:in 'ActionDispatch::Executor#call'
actionpack (8.0.5) lib/action_dispatch/middleware/actionable_exceptions.rb:18:in 'ActionDispatch::ActionableExceptions#call'
actionpack (8.0.5) lib/action_dispatch/middleware/debug_exceptions.rb:31:in 'ActionDispatch::DebugExceptions#call'
web-console (4.3.0) lib/web_console/middleware.rb:132:in 'WebConsole::Middleware#call_app'
web-console (4.3.0) lib/web_console/middleware.rb:28:in 'block in WebConsole::Middleware#call'
web-console (4.3.0) lib/web_console/middleware.rb:17:in 'Kernel#catch'
web-console (4.3.0) lib/web_console/middleware.rb:17:in 'WebConsole::Middleware#call'
actionpack (8.0.5) lib/action_dispatch/middleware/show_exceptions.rb:32:in 'ActionDispatch::ShowExceptions#call'
railties (8.0.5) lib/rails/rack/logger.rb:41:in 'Rails::Rack::Logger#call_app'
railties (8.0.5) lib/rails/rack/logger.rb:29:in 'Rails::Rack::Logger#call'
actionpack (8.0.5) lib/action_dispatch/middleware/remote_ip.rb:96:in 'ActionDispatch::RemoteIp#call'
actionpack (8.0.5) lib/action_dispatch/middleware/request_id.rb:34:in 'ActionDispatch::RequestId#call'
rack (3.2.6) lib/rack/method_override.rb:28:in 'Rack::MethodOverride#call'
rack (3.2.6) lib/rack/runtime.rb:24:in 'Rack::Runtime#call'
actionpack (8.0.5) lib/action_dispatch/middleware/server_timing.rb:61:in 'block in ActionDispatch::ServerTiming#call'
actionpack (8.0.5) lib/action_dispatch/middleware/server_timing.rb:26:in 'ActionDispatch::ServerTiming::Subscriber#collect_events'
actionpack (8.0.5) lib/action_dispatch/middleware/server_timing.rb:60:in 'ActionDispatch::ServerTiming#call'
actionpack (8.0.5) lib/action_dispatch/middleware/executor.rb:16:in 'ActionDispatch::Executor#call'
propshaft (1.3.2) lib/propshaft/server.rb:37:in 'Propshaft::Server#call'
actionpack (8.0.5) lib/action_dispatch/middleware/static.rb:27:in 'ActionDispatch::Static#call'
rack (3.2.6) lib/rack/sendfile.rb:131:in 'Rack::Sendfile#call'
actionpack (8.0.5) lib/action_dispatch/middleware/host_authorization.rb:143:in 'ActionDispatch::HostAuthorization#call'
railties (8.0.5) lib/rails/engine.rb:535:in 'Rails::Engine#call'
puma (8.0.1) lib/puma/configuration.rb:305:in 'Puma::Configuration::ConfigMiddleware#call'
puma (8.0.1) lib/puma/response.rb:79:in 'block in Puma::Response#handle_request'
puma (8.0.1) lib/puma/thread_pool.rb:434:in 'Puma::ThreadPool#with_force_shutdown'
puma (8.0.1) lib/puma/response.rb:78:in 'Puma::Response#handle_request'
puma (8.0.1) lib/puma/server.rb:508:in 'Puma::Server#process_client'
puma (8.0.1) lib/puma/server.rb:263:in 'block in Puma::Server#run'
puma (8.0.1) lib/puma/thread_pool.rb:246:in 'block in Puma::ThreadPool#spawn_thread'
Started GET "/" for ::1 at 2026-04-29 22:01:50 -0400
Processing by WeatherController#index as HTML
  Rendering layout layouts/application.html.erb
  Rendering weather/index.html.erb within layouts/application
  Rendered weather/index.html.erb within layouts/application (Duration: 1.5ms | GC: 0.0ms)
  Rendered layout layouts/application.html.erb (Duration: 3.3ms | GC: 0.0ms)
Completed 200 OK in 34ms (Views: 4.0ms | ActiveRecord: 0.0ms (0 queries, 0 cached) | GC: 0.0ms)


Started GET "/" for ::1 at 2026-04-29 22:05:29 -0400
Processing by WeatherController#index as HTML
  Rendering layout layouts/application.html.erb
  Rendering weather/index.html.erb within layouts/application
  Rendered weather/index.html.erb within layouts/application (Duration: 5.2ms | GC: 0.0ms)
  Rendered layout layouts/application.html.erb (Duration: 5.5ms | GC: 0.0ms)
Completed 200 OK in 23ms (Views: 6.3ms | ActiveRecord: 0.0ms (0 queries, 0 cached) | GC: 0.0ms)


Started POST "/weather" for ::1 at 2026-04-29 22:05:36 -0400
Processing by WeatherController#fetch_weather as HTML
  Parameters: {"authenticity_token" => "[FILTERED]", "zip_code" => "11020", "commit" => "Get The Current Temperature"}
No template found for WeatherController#fetch_weather, rendering head :no_content
Completed 204 No Content in 21ms (ActiveRecord: 0.0ms (0 queries, 0 cached) | GC: 0.0ms)


Started GET "/" for ::1 at 2026-04-29 22:09:37 -0400
Processing by WeatherController#index as HTML
  Rendering layout layouts/application.html.erb
  Rendering weather/index.html.erb within layouts/application
  Rendered weather/index.html.erb within layouts/application (Duration: 8.2ms | GC: 7.5ms)
  Rendered layout layouts/application.html.erb (Duration: 8.6ms | GC: 7.5ms)
Completed 200 OK in 26ms (Views: 9.1ms | ActiveRecord: 0.0ms (0 queries, 0 cached) | GC: 7.5ms)


Started POST "/weather" for ::1 at 2026-04-29 22:09:42 -0400
Processing by WeatherController#fetch_weather as HTML
  Parameters: {"authenticity_token" => "[FILTERED]", "zip_code" => "11020", "commit" => "Get The Current Temperature"}
  Rendering layout layouts/application.html.erb
  Rendering weather/index.html.erb within layouts/application
  Rendered weather/index.html.erb within layouts/application (Duration: 0.8ms | GC: 0.5ms)
  Rendered layout layouts/application.html.erb (Duration: 1.0ms | GC: 0.5ms)
Completed 200 OK in 16ms (Views: 1.2ms | ActiveRecord: 0.0ms (0 queries, 0 cached) | GC: 0.5ms)


Started POST "/weather" for ::1 at 2026-04-29 22:09:50 -0400
Processing by WeatherController#fetch_weather as HTML
  Parameters: {"authenticity_token" => "[FILTERED]", "zip_code" => "11361", "commit" => "Get The Current Temperature"}
  Rendering layout layouts/application.html.erb
  Rendering weather/index.html.erb within layouts/application
  Rendered weather/index.html.erb within layouts/application (Duration: 0.3ms | GC: 0.0ms)
  Rendered layout layouts/application.html.erb (Duration: 0.5ms | GC: 0.0ms)
Completed 200 OK in 22ms (Views: 0.7ms | ActiveRecord: 0.0ms (0 queries, 0 cached) | GC: 0.0ms)


Started POST "/weather" for ::1 at 2026-04-29 22:12:08 -0400
Processing by WeatherController#fetch_weather as HTML
  Parameters: {"authenticity_token" => "[FILTERED]", "zip_code" => "11361", "commit" => "Get The Current Temperature"}
  Rendering layout layouts/application.html.erb
  Rendering weather/index.html.erb within layouts/application
  Rendered weather/index.html.erb within layouts/application (Duration: 0.4ms | GC: 0.0ms)
  Rendered layout layouts/application.html.erb (Duration: 0.7ms | GC: 0.0ms)
Completed 200 OK in 17ms (Views: 1.7ms | ActiveRecord: 0.0ms (0 queries, 0 cached) | GC: 0.0ms)


Started POST "/weather" for ::1 at 2026-04-29 22:12:17 -0400
Processing by WeatherController#fetch_weather as HTML
  Parameters: {"authenticity_token" => "[FILTERED]", "zip_code" => "11361", "commit" => "Get The Current Temperature"}
  Rendering layout layouts/application.html.erb
  Rendering weather/index.html.erb within layouts/application
  Rendered weather/index.html.erb within layouts/application (Duration: 0.3ms | GC: 0.0ms)
  Rendered layout layouts/application.html.erb (Duration: 0.5ms | GC: 0.0ms)
Completed 200 OK in 25ms (Views: 0.7ms | ActiveRecord: 0.0ms (0 queries, 0 cached) | GC: 0.2ms)


Started POST "/weather" for ::1 at 2026-04-29 22:15:45 -0400
Processing by WeatherController#fetch_weather as HTML
  Parameters: {"authenticity_token" => "[FILTERED]", "zip_code" => "11361", "commit" => "Get The Current Temperature"}
Redirected to http://localhost:3000/
Completed 302 Found in 17ms (ActiveRecord: 0.0ms (0 queries, 0 cached) | GC: 0.1ms)


Started GET "/" for ::1 at 2026-04-29 22:15:45 -0400
Processing by WeatherController#index as HTML
  Rendering layout layouts/application.html.erb
  Rendering weather/index.html.erb within layouts/application
  Rendered weather/index.html.erb within layouts/application (Duration: 0.4ms | GC: 0.0ms)
  Rendered layout layouts/application.html.erb (Duration: 0.7ms | GC: 0.0ms)
Completed 200 OK in 15ms (Views: 1.4ms | ActiveRecord: 0.0ms (0 queries, 0 cached) | GC: 0.0ms)


Started GET "/" for ::1 at 2026-04-29 22:15:46 -0400
Processing by WeatherController#index as HTML
  Rendering layout layouts/application.html.erb
  Rendering weather/index.html.erb within layouts/application
  Rendered weather/index.html.erb within layouts/application (Duration: 0.4ms | GC: 0.0ms)
  Rendered layout layouts/application.html.erb (Duration: 0.7ms | GC: 0.0ms)
Completed 200 OK in 24ms (Views: 0.8ms | ActiveRecord: 0.0ms (0 queries, 0 cached) | GC: 0.0ms)


Started GET "/" for ::1 at 2026-04-29 22:15:50 -0400
Processing by WeatherController#index as HTML
  Rendering layout layouts/application.html.erb
  Rendering weather/index.html.erb within layouts/application
  Rendered weather/index.html.erb within layouts/application (Duration: 0.9ms | GC: 0.6ms)
  Rendered layout layouts/application.html.erb (Duration: 1.1ms | GC: 0.6ms)
Completed 200 OK in 20ms (Views: 1.2ms | ActiveRecord: 0.0ms (0 queries, 0 cached) | GC: 0.6ms)


Started POST "/weather" for ::1 at 2026-04-29 22:15:55 -0400
Processing by WeatherController#fetch_weather as HTML
  Parameters: {"authenticity_token" => "[FILTERED]", "zip_code" => "11020", "commit" => "Get The Current Temperature"}
Redirected to http://localhost:3000/
Completed 302 Found in 23ms (ActiveRecord: 0.0ms (0 queries, 0 cached) | GC: 0.0ms)


Started GET "/" for ::1 at 2026-04-29 22:15:55 -0400
Processing by WeatherController#index as HTML
  Rendering layout layouts/application.html.erb
  Rendering weather/index.html.erb within layouts/application
  Rendered weather/index.html.erb within layouts/application (Duration: 0.3ms | GC: 0.0ms)
  Rendered layout layouts/application.html.erb (Duration: 0.5ms | GC: 0.0ms)
Completed 200 OK in 16ms (Views: 0.7ms | ActiveRecord: 0.0ms (0 queries, 0 cached) | GC: 0.0ms)


Started GET "/" for ::1 at 2026-04-29 22:17:58 -0400
  [1m[36mActiveRecord::SchemaMigration Load (0.0ms)[0m  [1m[34mSELECT "schema_migrations"."version" FROM "schema_migrations" ORDER BY "schema_migrations"."version" ASC /*application='ZipTempProvider'*/[0m
Processing by WeatherController#index as HTML
  Rendering layout layouts/application.html.erb
  Rendering weather/index.html.erb within layouts/application
  Rendered weather/index.html.erb within layouts/application (Duration: 1.0ms | GC: 0.0ms)
  Rendered layout layouts/application.html.erb (Duration: 2.6ms | GC: 0.0ms)
Completed 200 OK in 26ms (Views: 3.6ms | ActiveRecord: 0.0ms (0 queries, 0 cached) | GC: 0.2ms)


Started POST "/weather" for ::1 at 2026-04-29 22:18:00 -0400
Processing by WeatherController#fetch_weather as HTML
  Parameters: {"authenticity_token" => "[FILTERED]", "zip_code" => "", "commit" => "Get The Current Temperature"}
Redirected to http://localhost:3000/
Completed 302 Found in 22ms (ActiveRecord: 0.0ms (0 queries, 0 cached) | GC: 0.0ms)


Started GET "/" for ::1 at 2026-04-29 22:18:00 -0400
Processing by WeatherController#index as HTML
  Rendering layout layouts/application.html.erb
  Rendering weather/index.html.erb within layouts/application
  Rendered weather/index.html.erb within layouts/application (Duration: 0.5ms | GC: 0.0ms)
  Rendered layout layouts/application.html.erb (Duration: 0.7ms | GC: 0.0ms)
Completed 200 OK in 16ms (Views: 1.0ms | ActiveRecord: 0.0ms (0 queries, 0 cached) | GC: 0.0ms)


Started POST "/weather" for ::1 at 2026-04-29 22:18:05 -0400
Processing by WeatherController#fetch_weather as HTML
  Parameters: {"authenticity_token" => "[FILTERED]", "zip_code" => "987", "commit" => "Get The Current Temperature"}
Redirected to http://localhost:3000/
Completed 302 Found in 22ms (ActiveRecord: 0.0ms (0 queries, 0 cached) | GC: 0.0ms)


Started GET "/" for ::1 at 2026-04-29 22:18:05 -0400
Processing by WeatherController#index as HTML
  Rendering layout layouts/application.html.erb
  Rendering weather/index.html.erb within layouts/application
  Rendered weather/index.html.erb within layouts/application (Duration: 0.5ms | GC: 0.0ms)
  Rendered layout layouts/application.html.erb (Duration: 0.7ms | GC: 0.0ms)
Completed 200 OK in 16ms (Views: 1.0ms | ActiveRecord: 0.0ms (0 queries, 0 cached) | GC: 0.0ms)


Started POST "/weather" for ::1 at 2026-04-29 22:18:10 -0400
Processing by WeatherController#fetch_weather as HTML
  Parameters: {"authenticity_token" => "[FILTERED]", "zip_code" => "abccsd", "commit" => "Get The Current Temperature"}
Redirected to http://localhost:3000/
Completed 302 Found in 23ms (ActiveRecord: 0.0ms (0 queries, 0 cached) | GC: 0.0ms)


Started GET "/" for ::1 at 2026-04-29 22:18:10 -0400
Processing by WeatherController#index as HTML
  Rendering layout layouts/application.html.erb
  Rendering weather/index.html.erb within layouts/application
  Rendered weather/index.html.erb within layouts/application (Duration: 0.4ms | GC: 0.0ms)
  Rendered layout layouts/application.html.erb (Duration: 0.7ms | GC: 0.0ms)
Completed 200 OK in 15ms (Views: 0.9ms | ActiveRecord: 0.0ms (0 queries, 0 cached) | GC: 0.0ms)


Started POST "/weather" for ::1 at 2026-04-29 22:18:16 -0400
Processing by WeatherController#fetch_weather as HTML
  Parameters: {"authenticity_token" => "[FILTERED]", "zip_code" => "11361", "commit" => "Get The Current Temperature"}
Redirected to http://localhost:3000/
Completed 302 Found in 22ms (ActiveRecord: 0.0ms (0 queries, 0 cached) | GC: 0.0ms)


Started GET "/" for ::1 at 2026-04-29 22:18:16 -0400
Processing by WeatherController#index as HTML
  Rendering layout layouts/application.html.erb
  Rendering weather/index.html.erb within layouts/application
  Rendered weather/index.html.erb within layouts/application (Duration: 0.4ms | GC: 0.0ms)
  Rendered layout layouts/application.html.erb (Duration: 0.6ms | GC: 0.0ms)
Completed 200 OK in 16ms (Views: 0.7ms | ActiveRecord: 0.0ms (0 queries, 0 cached) | GC: 0.0ms)


Started POST "/weather" for ::1 at 2026-04-29 22:18:29 -0400
Processing by WeatherController#fetch_weather as HTML
  Parameters: {"authenticity_token" => "[FILTERED]", "zip_code" => "", "commit" => "Get the Current Temperature"}
Redirected to http://localhost:3000/
Completed 302 Found in 13ms (ActiveRecord: 0.0ms (0 queries, 0 cached) | GC: 0.0ms)


Started GET "/" for ::1 at 2026-04-29 22:18:30 -0400
Processing by WeatherController#index as HTML
  Rendering layout layouts/application.html.erb
  Rendering weather/index.html.erb within layouts/application
  Rendered weather/index.html.erb within layouts/application (Duration: 0.4ms | GC: 0.0ms)
  Rendered layout layouts/application.html.erb (Duration: 0.5ms | GC: 0.0ms)
Completed 200 OK in 16ms (Views: 0.7ms | ActiveRecord: 0.0ms (0 queries, 0 cached) | GC: 0.0ms)


Started GET "/" for ::1 at 2026-04-29 22:20:34 -0400
Processing by WeatherController#index as HTML
  Rendering layout layouts/application.html.erb
  Rendering weather/index.html.erb within layouts/application
  Rendered weather/index.html.erb within layouts/application (Duration: 0.5ms | GC: 0.0ms)
  Rendered layout layouts/application.html.erb (Duration: 0.8ms | GC: 0.0ms)
Completed 200 OK in 18ms (Views: 1.6ms | ActiveRecord: 0.0ms (0 queries, 0 cached) | GC: 0.0ms)


Started POST "/weather" for ::1 at 2026-04-29 22:20:37 -0400
Processing by WeatherController#fetch_weather as HTML
  Parameters: {"authenticity_token" => "[FILTERED]", "zip_code" => "11020", "commit" => "Get The Current Temperature"}
Redirected to http://localhost:3000/
Completed 302 Found in 21ms (ActiveRecord: 0.0ms (0 queries, 0 cached) | GC: 0.0ms)


Started GET "/" for ::1 at 2026-04-29 22:20:37 -0400
Processing by WeatherController#index as HTML
  Rendering layout layouts/application.html.erb
  Rendering weather/index.html.erb within layouts/application
  Rendered weather/index.html.erb within layouts/application (Duration: 0.4ms | GC: 0.0ms)
  Rendered layout layouts/application.html.erb (Duration: 0.6ms | GC: 0.0ms)
Completed 200 OK in 15ms (Views: 0.7ms | ActiveRecord: 0.0ms (0 queries, 0 cached) | GC: 0.0ms)


Started GET "/" for ::1 at 2026-04-29 22:22:35 -0400
Processing by WeatherController#index as HTML
  Rendering layout layouts/application.html.erb
  Rendering weather/index.html.erb within layouts/application
  Rendered weather/index.html.erb within layouts/application (Duration: 0.5ms | GC: 0.0ms)
  Rendered layout layouts/application.html.erb (Duration: 0.8ms | GC: 0.0ms)
Completed 200 OK in 24ms (Views: 1.0ms | ActiveRecord: 0.0ms (0 queries, 0 cached) | GC: 0.0ms)


Started GET "/" for ::1 at 2026-04-29 22:25:48 -0400
Processing by WeatherController#index as HTML
  Rendering layout layouts/application.html.erb
  Rendering weather/index.html.erb within layouts/application
  Rendered weather/index.html.erb within layouts/application (Duration: 0.6ms | GC: 0.0ms)
  Rendered layout layouts/application.html.erb (Duration: 1.1ms | GC: 0.0ms)
Completed 200 OK in 23ms (Views: 1.4ms | ActiveRecord: 0.0ms (0 queries, 0 cached) | GC: 0.0ms)


Started GET "/" for ::1 at 2026-04-29 22:25:53 -0400
Processing by WeatherController#index as HTML
  Rendering layout layouts/application.html.erb
  Rendering weather/index.html.erb within layouts/application
  Rendered weather/index.html.erb within layouts/application (Duration: 0.5ms | GC: 0.0ms)
  Rendered layout layouts/application.html.erb (Duration: 0.7ms | GC: 0.0ms)
Completed 200 OK in 23ms (Views: 1.0ms | ActiveRecord: 0.0ms (0 queries, 0 cached) | GC: 0.0ms)


Started GET "/" for ::1 at 2026-04-29 22:35:25 -0400
Processing by WeatherController#index as HTML
  Rendering layout layouts/application.html.erb
  Rendering weather/index.html.erb within layouts/application
  Rendered weather/index.html.erb within layouts/application (Duration: 1.2ms | GC: 0.4ms)
  Rendered layout layouts/application.html.erb (Duration: 1.7ms | GC: 0.4ms)
Completed 200 OK in 17ms (Views: 2.6ms | ActiveRecord: 0.0ms (0 queries, 0 cached) | GC: 0.4ms)


Started POST "/weather" for ::1 at 2026-04-29 22:35:33 -0400
Processing by WeatherController#fetch_weather as HTML
  Parameters: {"authenticity_token" => "[FILTERED]", "zip_code" => "11361", "commit" => "Get The Current Temperature"}
Redirected to http://localhost:3000/
Completed 302 Found in 23ms (ActiveRecord: 0.0ms (0 queries, 0 cached) | GC: 0.0ms)


Started GET "/" for ::1 at 2026-04-29 22:35:33 -0400
Processing by WeatherController#index as HTML
  Rendering layout layouts/application.html.erb
  Rendering weather/index.html.erb within layouts/application
  Rendered weather/index.html.erb within layouts/application (Duration: 0.3ms | GC: 0.0ms)
  Rendered layout layouts/application.html.erb (Duration: 0.5ms | GC: 0.0ms)
Completed 200 OK in 15ms (Views: 0.6ms | ActiveRecord: 0.0ms (0 queries, 0 cached) | GC: 0.0ms)


Started POST "/weather" for ::1 at 2026-04-29 22:35:47 -0400
Processing by WeatherController#fetch_weather as HTML
  Parameters: {"authenticity_token" => "[FILTERED]", "zip_code" => "11020", "commit" => "Get The Current Temperature"}
Redirected to http://localhost:3000/
Completed 302 Found in 22ms (ActiveRecord: 0.0ms (0 queries, 0 cached) | GC: 0.0ms)


Started GET "/" for ::1 at 2026-04-29 22:35:47 -0400
Processing by WeatherController#index as HTML
  Rendering layout layouts/application.html.erb
  Rendering weather/index.html.erb within layouts/application
  Rendered weather/index.html.erb within layouts/application (Duration: 0.4ms | GC: 0.0ms)
  Rendered layout layouts/application.html.erb (Duration: 0.7ms | GC: 0.0ms)
Completed 200 OK in 15ms (Views: 0.9ms | ActiveRecord: 0.0ms (0 queries, 0 cached) | GC: 0.0ms)


Started POST "/weather" for ::1 at 2026-04-29 22:35:52 -0400
Processing by WeatherController#fetch_weather as HTML
  Parameters: {"authenticity_token" => "[FILTERED]", "zip_code" => "20742", "commit" => "Get The Current Temperature"}
Redirected to http://localhost:3000/
Completed 302 Found in 24ms (ActiveRecord: 0.0ms (0 queries, 0 cached) | GC: 0.7ms)


Started GET "/" for ::1 at 2026-04-29 22:35:52 -0400
Processing by WeatherController#index as HTML
  Rendering layout layouts/application.html.erb
  Rendering weather/index.html.erb within layouts/application
  Rendered weather/index.html.erb within layouts/application (Duration: 0.3ms | GC: 0.0ms)
  Rendered layout layouts/application.html.erb (Duration: 0.5ms | GC: 0.0ms)
Completed 200 OK in 15ms (Views: 0.7ms | ActiveRecord: 0.0ms (0 queries, 0 cached) | GC: 0.0ms)


Started POST "/weather" for ::1 at 2026-04-29 22:38:30 -0400
Processing by WeatherController#fetch_weather as HTML
  Parameters: {"authenticity_token" => "[FILTERED]", "zip_code" => "", "commit" => "Get The Current Temperature"}
Redirected to http://localhost:3000/
Completed 302 Found in 18ms (ActiveRecord: 0.0ms (0 queries, 0 cached) | GC: 0.0ms)


Started GET "/" for ::1 at 2026-04-29 22:38:30 -0400
Processing by WeatherController#index as HTML
  Rendering layout layouts/application.html.erb
  Rendering weather/index.html.erb within layouts/application
  Rendered weather/index.html.erb within layouts/application (Duration: 0.4ms | GC: 0.0ms)
  Rendered layout layouts/application.html.erb (Duration: 0.7ms | GC: 0.0ms)
Completed 200 OK in 15ms (Views: 0.8ms | ActiveRecord: 0.0ms (0 queries, 0 cached) | GC: 0.0ms)


Started POST "/weather" for ::1 at 2026-04-29 22:39:18 -0400
Processing by WeatherController#fetch_weather as HTML
  Parameters: {"authenticity_token" => "[FILTERED]", "zip_code" => "", "commit" => "Get The Current Temperature"}
Redirected to http://localhost:3000/
Completed 302 Found in 19ms (ActiveRecord: 0.0ms (0 queries, 0 cached) | GC: 0.0ms)


Started GET "/" for ::1 at 2026-04-29 22:39:18 -0400
Processing by WeatherController#index as HTML
  Rendering layout layouts/application.html.erb
  Rendering weather/index.html.erb within layouts/application
  Rendered weather/index.html.erb within layouts/application (Duration: 0.3ms | GC: 0.0ms)
  Rendered layout layouts/application.html.erb (Duration: 0.5ms | GC: 0.0ms)
Completed 200 OK in 15ms (Views: 0.7ms | ActiveRecord: 0.0ms (0 queries, 0 cached) | GC: 0.0ms)


Started GET "/" for ::1 at 2026-04-29 22:39:28 -0400
Processing by WeatherController#index as HTML
  Rendering layout layouts/application.html.erb
  Rendering weather/index.html.erb within layouts/application
  Rendered weather/index.html.erb within layouts/application (Duration: 0.4ms | GC: 0.0ms)
  Rendered layout layouts/application.html.erb (Duration: 0.7ms | GC: 0.0ms)
Completed 200 OK in 24ms (Views: 0.9ms | ActiveRecord: 0.0ms (0 queries, 0 cached) | GC: 0.1ms)


Started POST "/weather" for ::1 at 2026-04-29 22:39:29 -0400
Processing by WeatherController#fetch_weather as HTML
  Parameters: {"authenticity_token" => "[FILTERED]", "zip_code" => "", "commit" => "Get The Current Temperature"}
Redirected to http://localhost:3000/
Completed 302 Found in 22ms (ActiveRecord: 0.0ms (0 queries, 0 cached) | GC: 0.0ms)


Started GET "/" for ::1 at 2026-04-29 22:39:29 -0400
Processing by WeatherController#index as HTML
  Rendering layout layouts/application.html.erb
  Rendering weather/index.html.erb within layouts/application
  Rendered weather/index.html.erb within layouts/application (Duration: 0.5ms | GC: 0.2ms)
  Rendered layout layouts/application.html.erb (Duration: 0.6ms | GC: 0.2ms)
Completed 200 OK in 15ms (Views: 0.8ms | ActiveRecord: 0.0ms (0 queries, 0 cached) | GC: 0.2ms)


Started GET "/" for ::1 at 2026-04-29 22:43:08 -0400
Processing by WeatherController#index as HTML
  Rendering layout layouts/application.html.erb
  Rendering weather/index.html.erb within layouts/application
  Rendered weather/index.html.erb within layouts/application (Duration: 0.6ms | GC: 0.0ms)
  Rendered layout layouts/application.html.erb (Duration: 1.0ms | GC: 0.0ms)
Completed 200 OK in 18ms (Views: 1.7ms | ActiveRecord: 0.0ms (0 queries, 0 cached) | GC: 0.0ms)


Started POST "/weather" for ::1 at 2026-04-29 22:43:11 -0400
Processing by WeatherController#fetch_weather as HTML
  Parameters: {"authenticity_token" => "[FILTERED]", "zip_code" => "78", "commit" => "Get The Current Temperature"}
Redirected to http://localhost:3000/
Completed 302 Found in 22ms (ActiveRecord: 0.0ms (0 queries, 0 cached) | GC: 0.0ms)


Started GET "/" for ::1 at 2026-04-29 22:43:11 -0400
Processing by WeatherController#index as HTML
  Rendering layout layouts/application.html.erb
  Rendering weather/index.html.erb within layouts/application
  Rendered weather/index.html.erb within layouts/application (Duration: 0.4ms | GC: 0.0ms)
  Rendered layout layouts/application.html.erb (Duration: 0.5ms | GC: 0.0ms)
Completed 200 OK in 15ms (Views: 0.7ms | ActiveRecord: 0.0ms (0 queries, 0 cached) | GC: 0.0ms)


Started POST "/weather" for ::1 at 2026-04-29 22:43:17 -0400
Processing by WeatherController#fetch_weather as HTML
  Parameters: {"authenticity_token" => "[FILTERED]", "zip_code" => "34343", "commit" => "Get The Current Temperature"}
Redirected to http://localhost:3000/
Completed 302 Found in 22ms (ActiveRecord: 0.0ms (0 queries, 0 cached) | GC: 0.0ms)


Started GET "/" for ::1 at 2026-04-29 22:43:17 -0400
Processing by WeatherController#index as HTML
  Rendering layout layouts/application.html.erb
  Rendering weather/index.html.erb within layouts/application
  Rendered weather/index.html.erb within layouts/application (Duration: 0.4ms | GC: 0.0ms)
  Rendered layout layouts/application.html.erb (Duration: 0.6ms | GC: 0.0ms)
Completed 200 OK in 15ms (Views: 0.8ms | ActiveRecord: 0.0ms (0 queries, 0 cached) | GC: 0.0ms)


Started GET "/" for ::1 at 2026-04-29 22:49:25 -0400
Processing by WeatherController#index as HTML
  Rendering layout layouts/application.html.erb
  Rendering weather/index.html.erb within layouts/application
  Rendered weather/index.html.erb within layouts/application (Duration: 0.6ms | GC: 0.0ms)
  Rendered layout layouts/application.html.erb (Duration: 0.9ms | GC: 0.0ms)
Completed 200 OK in 15ms (Views: 1.1ms | ActiveRecord: 0.0ms (0 queries, 0 cached) | GC: 0.0ms)


Started GET "/" for ::1 at 2026-04-29 22:58:01 -0400
Processing by WeatherController#index as HTML
  Rendering layout layouts/application.html.erb
  Rendering weather/index.html.erb within layouts/application
  Rendered weather/index.html.erb within layouts/application (Duration: 0.6ms | GC: 0.0ms)
  Rendered layout layouts/application.html.erb (Duration: 1.0ms | GC: 0.0ms)
Completed 200 OK in 17ms (Views: 1.8ms | ActiveRecord: 0.0ms (0 queries, 0 cached) | GC: 0.0ms)


Started POST "/weather" for ::1 at 2026-04-29 22:58:03 -0400
Processing by WeatherController#fetch_weather as HTML
  Parameters: {"authenticity_token" => "[FILTERED]", "zip_code" => "", "commit" => "Get The Current Temperature"}
Completed 500 Internal Server Error in 23ms (ActiveRecord: 0.0ms (0 queries, 0 cached) | GC: 0.0ms)


  
NameError (undefined local variable or method 'zip_code' for an instance of WeatherController):
  
app/controllers/weather_controller.rb:21:in 'WeatherController#fetch_weather'
Started POST "/weather" for ::1 at 2026-04-29 22:58:13 -0400
Processing by WeatherController#fetch_weather as HTML
  Parameters: {"authenticity_token" => "[FILTERED]", "zip_code" => "", "commit" => "Get The Current Temperature"}
Redirected to http://localhost:3000/
Completed 302 Found in 17ms (ActiveRecord: 0.0ms (0 queries, 0 cached) | GC: 0.0ms)


Started GET "/" for ::1 at 2026-04-29 22:58:13 -0400
Processing by WeatherController#index as HTML
  Rendering layout layouts/application.html.erb
  Rendering weather/index.html.erb within layouts/application
  Rendered weather/index.html.erb within layouts/application (Duration: 0.8ms | GC: 0.0ms)
  Rendered layout layouts/application.html.erb (Duration: 1.3ms | GC: 0.0ms)
Completed 200 OK in 17ms (Views: 2.2ms | ActiveRecord: 0.0ms (0 queries, 0 cached) | GC: 0.0ms)


Started POST "/weather" for ::1 at 2026-04-29 22:58:17 -0400
Processing by WeatherController#fetch_weather as HTML
  Parameters: {"authenticity_token" => "[FILTERED]", "zip_code" => "34563", "commit" => "Get The Current Temperature"}
Redirected to http://localhost:3000/
Completed 302 Found in 14ms (ActiveRecord: 0.0ms (0 queries, 0 cached) | GC: 0.0ms)


Started GET "/" for ::1 at 2026-04-29 22:58:17 -0400
Processing by WeatherController#index as HTML
  Rendering layout layouts/application.html.erb
  Rendering weather/index.html.erb within layouts/application
  Rendered weather/index.html.erb within layouts/application (Duration: 0.5ms | GC: 0.2ms)
  Rendered layout layouts/application.html.erb (Duration: 0.7ms | GC: 0.2ms)
Completed 200 OK in 16ms (Views: 0.8ms | ActiveRecord: 0.0ms (0 queries, 0 cached) | GC: 0.2ms)


Started POST "/weather" for ::1 at 2026-04-29 22:58:17 -0400
Processing by WeatherController#fetch_weather as HTML
  Parameters: {"authenticity_token" => "[FILTERED]", "zip_code" => "34563", "commit" => "Get The Current Temperature"}
Redirected to http://localhost:3000/
Completed 302 Found in 14ms (ActiveRecord: 0.0ms (0 queries, 0 cached) | GC: 0.0ms)


Started GET "/" for ::1 at 2026-04-29 22:58:17 -0400
Processing by WeatherController#index as HTML
  Rendering layout layouts/application.html.erb
  Rendering weather/index.html.erb within layouts/application
  Rendered weather/index.html.erb within layouts/application (Duration: 0.7ms | GC: 0.3ms)
  Rendered layout layouts/application.html.erb (Duration: 0.8ms | GC: 0.3ms)
Completed 200 OK in 17ms (Views: 1.0ms | ActiveRecord: 0.0ms (0 queries, 0 cached) | GC: 0.3ms)


Started POST "/weather" for ::1 at 2026-04-29 22:58:22 -0400
Processing by WeatherController#fetch_weather as HTML
  Parameters: {"authenticity_token" => "[FILTERED]", "zip_code" => "11020", "commit" => "Get The Current Temperature"}
Redirected to http://localhost:3000/
Completed 302 Found in 21ms (ActiveRecord: 0.0ms (0 queries, 0 cached) | GC: 0.0ms)


Started GET "/" for ::1 at 2026-04-29 22:58:22 -0400
Processing by WeatherController#index as HTML
  Rendering layout layouts/application.html.erb
  Rendering weather/index.html.erb within layouts/application
  Rendered weather/index.html.erb within layouts/application (Duration: 1.0ms | GC: 0.4ms)
  Rendered layout layouts/application.html.erb (Duration: 1.3ms | GC: 0.4ms)
Completed 200 OK in 16ms (Views: 1.5ms | ActiveRecord: 0.0ms (0 queries, 0 cached) | GC: 0.4ms)


Started POST "/weather" for ::1 at 2026-04-29 22:58:37 -0400
Processing by WeatherController#fetch_weather as HTML
  Parameters: {"authenticity_token" => "[FILTERED]", "zip_code" => "11361", "commit" => "Get The Current Temperature"}
Redirected to http://localhost:3000/
Completed 302 Found in 18ms (ActiveRecord: 0.0ms (0 queries, 0 cached) | GC: 0.0ms)


Started GET "/" for ::1 at 2026-04-29 22:58:37 -0400
Processing by WeatherController#index as HTML
  Rendering layout layouts/application.html.erb
  Rendering weather/index.html.erb within layouts/application
  Rendered weather/index.html.erb within layouts/application (Duration: 0.6ms | GC: 0.2ms)
  Rendered layout layouts/application.html.erb (Duration: 0.9ms | GC: 0.2ms)
Completed 200 OK in 17ms (Views: 1.1ms | ActiveRecord: 0.0ms (0 queries, 0 cached) | GC: 0.2ms)


Started POST "/weather" for ::1 at 2026-04-29 22:59:00 -0400
Processing by WeatherController#fetch_weather as HTML
  Parameters: {"authenticity_token" => "[FILTERED]", "zip_code" => "00000", "commit" => "Get The Current Temperature"}
Redirected to http://localhost:3000/
Completed 302 Found in 22ms (ActiveRecord: 0.0ms (0 queries, 0 cached) | GC: 0.0ms)


Started GET "/" for ::1 at 2026-04-29 22:59:00 -0400
Processing by WeatherController#index as HTML
  Rendering layout layouts/application.html.erb
  Rendering weather/index.html.erb within layouts/application
  Rendered weather/index.html.erb within layouts/application (Duration: 1.0ms | GC: 0.6ms)
  Rendered layout layouts/application.html.erb (Duration: 1.2ms | GC: 0.6ms)
Completed 200 OK in 17ms (Views: 1.4ms | ActiveRecord: 0.0ms (0 queries, 0 cached) | GC: 0.6ms)


Started POST "/weather" for ::1 at 2026-04-29 22:59:03 -0400
Processing by WeatherController#fetch_weather as HTML
  Parameters: {"authenticity_token" => "[FILTERED]", "zip_code" => "000", "commit" => "Get The Current Temperature"}
Redirected to http://localhost:3000/
Completed 302 Found in 22ms (ActiveRecord: 0.0ms (0 queries, 0 cached) | GC: 0.0ms)


Started GET "/" for ::1 at 2026-04-29 22:59:03 -0400
Processing by WeatherController#index as HTML
  Rendering layout layouts/application.html.erb
  Rendering weather/index.html.erb within layouts/application
  Rendered weather/index.html.erb within layouts/application (Duration: 0.4ms | GC: 0.0ms)
  Rendered layout layouts/application.html.erb (Duration: 0.9ms | GC: 0.3ms)
Completed 200 OK in 16ms (Views: 1.1ms | ActiveRecord: 0.0ms (0 queries, 0 cached) | GC: 0.3ms)


Started POST "/weather" for ::1 at 2026-04-29 22:59:07 -0400
Processing by WeatherController#fetch_weather as HTML
  Parameters: {"authenticity_token" => "[FILTERED]", "zip_code" => "12822", "commit" => "Get The Current Temperature"}
Redirected to http://localhost:3000/
Completed 302 Found in 22ms (ActiveRecord: 0.0ms (0 queries, 0 cached) | GC: 0.0ms)


Started GET "/" for ::1 at 2026-04-29 22:59:07 -0400
Processing by WeatherController#index as HTML
  Rendering layout layouts/application.html.erb
  Rendering weather/index.html.erb within layouts/application
  Rendered weather/index.html.erb within layouts/application (Duration: 0.4ms | GC: 0.0ms)
  Rendered layout layouts/application.html.erb (Duration: 0.6ms | GC: 0.0ms)
Completed 200 OK in 15ms (Views: 0.7ms | ActiveRecord: 0.0ms (0 queries, 0 cached) | GC: 0.0ms)


Started POST "/weather" for ::1 at 2026-04-29 22:59:11 -0400
Processing by WeatherController#fetch_weather as HTML
  Parameters: {"authenticity_token" => "[FILTERED]", "zip_code" => "", "commit" => "Get The Current Temperature"}
Redirected to http://localhost:3000/
Completed 302 Found in 23ms (ActiveRecord: 0.0ms (0 queries, 0 cached) | GC: 0.0ms)


Started GET "/" for ::1 at 2026-04-29 22:59:11 -0400
Processing by WeatherController#index as HTML
  Rendering layout layouts/application.html.erb
  Rendering weather/index.html.erb within layouts/application
  Rendered weather/index.html.erb within layouts/application (Duration: 0.6ms | GC: 0.0ms)
  Rendered layout layouts/application.html.erb (Duration: 0.9ms | GC: 0.0ms)
Completed 200 OK in 16ms (Views: 1.1ms | ActiveRecord: 0.0ms (0 queries, 0 cached) | GC: 0.0ms)


